<?xml version="1.0" encoding="UTF-8"?>
<testng-results skipped="0" failed="0" ignored="0" total="2" passed="2">
  <reporter-output>
  </reporter-output>
  <suite name="Surefire suite" duration-ms="7728" started-at="2020-03-25T10:42:55Z" finished-at="2020-03-25T10:43:03Z">
    <groups>
      <group name="fast">
        <method signature="SimpleTest.aFastTest()[pri:0, instance:org.example.SimpleTest@783e6358]" name="aFastTest" class="org.example.SimpleTest"/>
      </group> <!-- fast -->
      <group name="slow">
        <method signature="SimpleTest.aSlowTest()[pri:0, instance:org.example.SimpleTest@783e6358]" name="aSlowTest" class="org.example.SimpleTest"/>
      </group> <!-- slow -->
    </groups>
    <test name="Surefire test" duration-ms="7728" started-at="2020-03-25T10:42:55Z" finished-at="2020-03-25T10:43:03Z">
      <class name="org.example.SimpleTest">
        <test-method status="PASS" signature="setUp()[pri:0, instance:org.example.SimpleTest@783e6358]" name="setUp" is-config="true" duration-ms="2052" started-at="2020-03-25T17:42:55Z" finished-at="2020-03-25T17:42:57Z">
          <reporter-output>
          </reporter-output>
        </test-method> <!-- setUp -->
        <test-method status="PASS" signature="aFastTest()[pri:0, instance:org.example.SimpleTest@783e6358]" name="aFastTest" duration-ms="1" started-at="2020-03-25T17:42:57Z" finished-at="2020-03-25T17:42:57Z">
          <reporter-output>
          </reporter-output>
        </test-method> <!-- aFastTest -->
        <test-method status="PASS" signature="aSlowTest()[pri:0, instance:org.example.SimpleTest@783e6358]" name="aSlowTest" duration-ms="5569" started-at="2020-03-25T17:42:57Z" finished-at="2020-03-25T17:43:03Z">
          <reporter-output>
          </reporter-output>
        </test-method> <!-- aSlowTest -->
        <test-method status="PASS" signature="teardown()[pri:0, instance:org.example.SimpleTest@783e6358]" name="teardown" is-config="true" duration-ms="90" started-at="2020-03-25T17:43:03Z" finished-at="2020-03-25T17:43:03Z">
          <reporter-output>
          </reporter-output>
        </test-method> <!-- teardown -->
      </class> <!-- org.example.SimpleTest -->
    </test> <!-- Surefire test -->
  </suite> <!-- Surefire suite -->
</testng-results>
